Determining if the pthread_create exist failed with the following output:
Change Dir: /home/mariana/Desktop/Project/Counter/CMakeFiles/CMakeTmp

Run Build Command:"/usr/bin/make" "cmTC_62327/fast"
/usr/bin/make -f CMakeFiles/cmTC_62327.dir/build.make CMakeFiles/cmTC_62327.dir/build
make[1]: Entering directory '/home/mariana/Desktop/Project/Counter/CMakeFiles/CMakeTmp'
Building CXX object CMakeFiles/cmTC_62327.dir/CheckSymbolExists.cxx.o
/usr/bin/c++     -o CMakeFiles/cmTC_62327.dir/CheckSymbolExists.cxx.o -c /home/mariana/Desktop/Project/Counter/CMakeFiles/CMakeTmp/CheckSymbolExists.cxx
Linking CXX executable cmTC_62327
/usr/local/bin/cmake -E cmake_link_script CMakeFiles/cmTC_62327.dir/link.txt --verbose=1
/usr/bin/c++       CMakeFiles/cmTC_62327.dir/CheckSymbolExists.cxx.o  -o cmTC_62327 
CMakeFiles/cmTC_62327.dir/CheckSymbolExists.cxx.o: In function `main':
CheckSymbolExists.cxx:(.text+0x1b): undefined reference to `pthread_create'
collect2: error: ld returned 1 exit status
CMakeFiles/cmTC_62327.dir/build.make:86: recipe for target 'cmTC_62327' failed
make[1]: *** [cmTC_62327] Error 1
make[1]: Leaving directory '/home/mariana/Desktop/Project/Counter/CMakeFiles/CMakeTmp'
Makefile:121: recipe for target 'cmTC_62327/fast' failed
make: *** [cmTC_62327/fast] Error 2

File /home/mariana/Desktop/Project/Counter/CMakeFiles/CMakeTmp/CheckSymbolExists.cxx:
/* */
#include <pthread.h>

int main(int argc, char** argv)
{
  (void)argv;
#ifndef pthread_create
  return ((int*)(&pthread_create))[argc];
#else
  (void)argc;
  return 0;
#endif
}

